[     713ms] [WARNING] Mixed Content: The page at 'https://mp.weixin.qq.com/s/b5Mb6YiEKEX-Bocsx9gmhw' was loaded over HTTPS, but requested an insecure element 'http://mmbiz.qpic.cn/mmbiz_png/JuJRyjO2zcYPUz84aVnu9PVnVK5IYYldCMAGPHiaWOPl0Kdrk58PHmpXAqD1jY1I79WjGgib1EsC4BAKbiaLlumdA/0?wx_fmt=png'. This request was automatically upgraded to HTTPS, For more information see https://blog.chromium.org/2019/10/no-more-mixed-messages-about-https.html @ https://mp.weixin.qq.com/s/b5Mb6YiEKEX-Bocsx9gmhw:0
[     713ms] [WARNING] Mixed Content: The page at 'https://mp.weixin.qq.com/s/b5Mb6YiEKEX-Bocsx9gmhw' was loaded over HTTPS, but requested an insecure element 'http://mmbiz.qpic.cn/mmbiz_png/JuJRyjO2zcYPUz84aVnu9PVnVK5IYYldCMAGPHiaWOPl0Kdrk58PHmpXAqD1jY1I79WjGgib1EsC4BAKbiaLlumdA/0?wx_fmt=png'. This request was automatically upgraded to HTTPS, For more information see https://blog.chromium.org/2019/10/no-more-mixed-messages-about-https.html @ https://mp.weixin.qq.com/s/b5Mb6YiEKEX-Bocsx9gmhw:0
[     905ms] [WARNING] Mixed Content: The page at 'https://mp.weixin.qq.com/s/b5Mb6YiEKEX-Bocsx9gmhw' was loaded over HTTPS, but requested an insecure element 'http://mmbiz.qpic.cn/mmbiz_png/JuJRyjO2zcYPUz84aVnu9PVnVK5IYYldCMAGPHiaWOPl0Kdrk58PHmpXAqD1jY1I79WjGgib1EsC4BAKbiaLlumdA/0?wx_fmt=png'. This request was automatically upgraded to HTTPS, For more information see https://blog.chromium.org/2019/10/no-more-mixed-messages-about-https.html @ https://mp.weixin.qq.com/s/b5Mb6YiEKEX-Bocsx9gmhw:3486
[     905ms] [WARNING] Mixed Content: The page at 'https://mp.weixin.qq.com/s/b5Mb6YiEKEX-Bocsx9gmhw' was loaded over HTTPS, but requested an insecure element 'http://mmbiz.qpic.cn/mmbiz_png/JuJRyjO2zcYPUz84aVnu9PVnVK5IYYldCMAGPHiaWOPl0Kdrk58PHmpXAqD1jY1I79WjGgib1EsC4BAKbiaLlumdA/0?wx_fmt=png'. This request was automatically upgraded to HTTPS, For more information see https://blog.chromium.org/2019/10/no-more-mixed-messages-about-https.html @ https://mp.weixin.qq.com/s/b5Mb6YiEKEX-Bocsx9gmhw:3594
[    1022ms] [LOG] tingIsShow, tingHeardCnt   @ https://mp.weixin.qq.com/s/b5Mb6YiEKEX-Bocsx9gmhw:39310
[    1027ms] [LOG] canUseStar, startPersonCnt false  @ https://mp.weixin.qq.com/s/b5Mb6YiEKEX-Bocsx9gmhw:42587
[    1033ms] [LOG] SyntaxError: Unexpected end of JSON input
    at JSON.parse (<anonymous>)
    at __setPageContentBottomData (https://mp.weixin.qq.com/s/b5Mb6YiEKEX-Bocsx9gmhw:44067:77)
    at https://mp.weixin.qq.com/s/b5Mb6YiEKEX-Bocsx9gmhw:44127:5
    at https://mp.weixin.qq.com/s/b5Mb6YiEKEX-Bocsx9gmhw:44133:3 @ https://mp.weixin.qq.com/s/b5Mb6YiEKEX-Bocsx9gmhw:44113
[    1112ms] [LOG] support wcslplayer false @ https://res.wx.qq.com/mmbizappmsg/en_US/htmledition/js/assets/cover_next.mniyihwq91f96ff5.js:0
[    1115ms] [LOG] canUseStar, startPersonCnt false <%@JsEncode($user_info.appmsg_bar_data.star_num.DATA$)%> @ https://res.wx.qq.com/mmbizappmsg/en_US/htmledition/js/assets/set_star.mniyihwq5ede21fa.js:0
[    1133ms] [LOG] in white list undefined 1775309087756 @ https://res.wx.qq.com/mmbizappmsg/en_US/htmledition/js/assets/wxwork_hidden.mniyihwq70f81896.js:2
[    1148ms] [LOG] [Appmsg comment] start get comment data, url:/mp/appmsg_comment?action=getcomment&scene=0&appmsgid=2650734229&idx=1&__biz=MjM5ODQ2MDIyMA==&comment_id=4456302094140063749&offset=0&buffer=&limit=100&send_time=&sessionid=svr_252d9f7b6db&enterid=1775309087&top_content_id=&top_reply_id=&comment_scene=0 @ https://res.wx.qq.com/mmbizappmsg/en_US/htmledition/js/assets/appmsg_comment.mniyihwqba8022c9.js:4
[    1155ms] [LOG] getIdentity========== @ https://res.wx.qq.com/mmbizappmsg/en_US/htmledition/js/assets/Identity.mniyihwq3a52d324.js:2
[    1157ms] [INFO] [IndexedDBAdapter] IndexedDB initialized successfully  @ https://res.wx.qq.com/mmbizappmsg/en_US/htmledition/js/assets/StreamFriendsList.mniyihwq92eaa59f.js:0
[    1159ms] [INFO] [图文信息] 三元组: MjM5ODQ2MDIyMA== 2650734229 1 @ https://res.wx.qq.com/mmbizappmsg/en_US/htmledition/js/assets/appmsg.mniyihwq59879737.js:8
[    1159ms] [INFO] [用户信息] 设备信息: 是否安卓 undefined 是否IOS undefined 是否秒开场景 undefined 系统版本 10_15 用户uin 0 是否小程序内打开 false @ https://res.wx.qq.com/mmbizappmsg/en_US/htmledition/js/assets/appmsg.mniyihwq59879737.js:8
[    1159ms] [LOG] wx config web compt result [wxOpen] {err_msg: handleMPPageAction:fail_webcompt unsupported} @ https://res.wx.qq.com/mmbizappmsg/en_US/htmledition/js/assets/comm_utils.mniyihwq7ec6f5f7.js:0
[    1174ms] [INFO] [(Comment, Like, Reward) Send request]: Sat Apr 04 2026 21:24:47 GMT+0800 (China Standard Time) @ https://res.wx.qq.com/mmbizappmsg/en_US/htmledition/js/assets/appmsgext.mniyihwq25b43755.js:0
[    1181ms] [LOG] ======ad fontScaleCssVars change 1 1 1 @ https://res.wx.qq.com/mmbizappmsg/en_US/htmledition/js/assets/a.mniyihwq87af34e9.js:0
[    1190ms] [INFO] [广告发送请求] 是否拉取广告 0 @ https://res.wx.qq.com/mmbizappmsg/en_US/htmledition/js/assets/StreamFriendsList.mniyihwq92eaa59f.js:0
[    1190ms] [INFO] [强制广告] 是否强制去掉广告 0 @ https://res.wx.qq.com/mmbizappmsg/en_US/htmledition/js/assets/StreamFriendsList.mniyihwq92eaa59f.js:0
[    1206ms] [LOG] [PagePos] init entry @ https://res.wx.qq.com/mmbizappmsg/en_US/htmledition/js/assets/appmsg.mniyihwq59879737.js:8
[    1206ms] [LOG] [PagePos] init call @ https://res.wx.qq.com/mmbizappmsg/en_US/htmledition/js/assets/page_pos.mniyihwq8b2f1a68.js:0
[    1212ms] [LOG] [PagePos] commReport leaveReport addReport @ https://res.wx.qq.com/mmbizappmsg/en_US/htmledition/js/assets/page_pos.mniyihwq8b2f1a68.js:0
[    1218ms] [LOG] [Appmsg comment] start get comment data, url:/mp/appmsg_comment?action=getcomment&scene=0&appmsgid=2650734229&idx=1&__biz=MjM5ODQ2MDIyMA==&comment_id=4456302094140063749&offset=0&buffer=&limit=100&send_time=&sessionid=svr_252d9f7b6db&enterid=1775309087&top_content_id=&top_reply_id=&comment_scene=0 @ https://res.wx.qq.com/mmbizappmsg/en_US/htmledition/js/assets/appmsg_comment.mniyihwqba8022c9.js:4
[    1219ms] [WARNING] Mixed Content: The page at 'https://mp.weixin.qq.com/s/b5Mb6YiEKEX-Bocsx9gmhw' was loaded over HTTPS, but requested an insecure element 'http://mmbiz.qpic.cn/mmbiz_png/JuJRyjO2zcYPUz84aVnu9PVnVK5IYYldCMAGPHiaWOPl0Kdrk58PHmpXAqD1jY1I79WjGgib1EsC4BAKbiaLlumdA/300?wx_fmt=png&wxfrom=18'. This request was automatically upgraded to HTTPS, For more information see https://blog.chromium.org/2019/10/no-more-mixed-messages-about-https.html @ https://mp.weixin.qq.com/s/b5Mb6YiEKEX-Bocsx9gmhw:0
[    1239ms] [INFO] [currentMpInfo]set url {interaction_url: , underline_url: } @ https://res.wx.qq.com/mmbizappmsg/en_US/htmledition/js/assets/appmsg.mniyihwq59879737.js:8
[    1249ms] [LOG] https://mmbiz.qpic.cn/mmbiz_png/UPrINMNXen1HjiaKLHmgIOicwu7icNHImUqqZ0rGFGU9Xb31tQ4FKibAxjzlDbpH5sPqKFIPassmDzK4nxJL3riaUvlVePgoWBicMtxugyw2WGEKU/640?wx_fmt=png&from=appmsg&tp=webp&wxfrom=5&wx_lazy=1#imgIndex=0 img false https://mmbiz.qpic.cn/mmbiz_png/UPrINMNXen1HjiaKLHmgIOicwu7icNHImUqqZ0rGFGU9Xb31tQ4FKibAxjzlDbpH5sPqKFIPassmDzK4nxJL3riaUvlVePgoWBicMtxugyw2WGEKU/640?wx_fmt=png&from=appmsg#imgIndex=0 @ https://res.wx.qq.com/mmbizappmsg/en_US/htmledition/js/assets/appmsg.mniyihwq59879737.js:2
[    1253ms] [LOG] [comm_report] reportjson:  {bizuin: MjM5ODQ2MDIyMA==, msgid: 2650734229, idx: 1, sessionid: svr_252d9f7b6db, itemshowtype: 0} @ https://res.wx.qq.com/mmbizappmsg/en_US/htmledition/js/assets/comm_utils.mniyihwq7ec6f5f7.js:0
[    1253ms] [LOG] [comm_report] reportjson:  {bizuin: MjM5ODQ2MDIyMA==, msgid: 2650734229, idx: 1, sessionid: svr_252d9f7b6db, itemshowtype: 0} @ https://res.wx.qq.com/mmbizappmsg/en_US/htmledition/js/assets/comm_utils.mniyihwq7ec6f5f7.js:0
[    1254ms] [LOG] [comm_report] reportjson:  {bizuin: MjM5ODQ2MDIyMA==, msgid: 2650734229, idx: 1, sessionid: svr_252d9f7b6db, itemshowtype: 0} @ https://res.wx.qq.com/mmbizappmsg/en_US/htmledition/js/assets/comm_utils.mniyihwq7ec6f5f7.js:0
[    1254ms] [LOG] [comm_report] reportjson:  {bizuin: MjM5ODQ2MDIyMA==, msgid: 2650734229, idx: 1, sessionid: svr_252d9f7b6db, itemshowtype: 0} @ https://res.wx.qq.com/mmbizappmsg/en_US/htmledition/js/assets/comm_utils.mniyihwq7ec6f5f7.js:0
[    1254ms] [LOG] [reportData]:  {count: 4, reportjson0: {"bizuin":"MjM5ODQ2MDIyMA==","msgid":2650734229,"i…xptype":"","log_id":27894,"TimeStamp":1775309088}, reportjson1: {"bizuin":"MjM5ODQ2MDIyMA==","msgid":2650734229,"i…xptype":"","log_id":27894,"TimeStamp":1775309088}, reportjson2: {"bizuin":"MjM5ODQ2MDIyMA==","msgid":2650734229,"i…xptype":"","log_id":27894,"TimeStamp":1775309088}, reportjson3: {"bizuin":"MjM5ODQ2MDIyMA==","msgid":2650734229,"i…xptype":"","log_id":27894,"TimeStamp":1775309088}} @ https://res.wx.qq.com/mmbizappmsg/en_US/htmledition/js/assets/comm_utils.mniyihwq7ec6f5f7.js:0
[    1261ms] [LOG] [comm_report] reportjson:  {CgiPath: /mp/relatedsearchword, Action: getimagekeyword, Query: ?action=getimagekeyword&__biz=MjM5ODQ2MDIyMA==&mid…%3D&appmsg_token=&x5=0&f=json&user_article_role=0, PostData: , Method: GET} @ https://res.wx.qq.com/mmbizappmsg/en_US/htmledition/js/assets/comm_utils.mniyihwq7ec6f5f7.js:0
[    1263ms] [LOG] [comm_report] reportjson:  {CgiPath: /mp/appmsg_comment, Action: getsegment, Query: ?action=getsegment&appmsgid=2650734229&idx=1&comme…%3D&appmsg_token=&x5=0&f=json&user_article_role=0, PostData: modify_detail=%5B%5D&modify_detail_new=undefined&modify_time=0&linefeed_card=, Method: POST} @ https://res.wx.qq.com/mmbizappmsg/en_US/htmledition/js/assets/comm_utils.mniyihwq7ec6f5f7.js:0
[    1264ms] [LOG] segmentlist:  {base_resp: Object, ret: -3, errmsg: no session, cookie_count: 0} @ https://res.wx.qq.com/mmbizappmsg/en_US/htmledition/js/assets/wxwork_hidden.mniyihwq70f81896.js:2
[    1269ms] [LOG] [comm_report] reportjson:  {CgiPath: /mp/getappmsgad, Action: , Query: ?f=json&mockid=&rtx=&uin=&key=&pass_ticket=&wxtoke…%3D&appmsg_token=&x5=0&f=json&user_article_role=0, PostData: r=0.9921593821552195&appmsg_type=9&mid=2650734229&…eed_ad=0&both_ad=0&pos_type_list=&vid_list=%5B%5D, Method: POST} @ https://res.wx.qq.com/mmbizappmsg/en_US/htmledition/js/assets/comm_utils.mniyihwq7ec6f5f7.js:0
[    1270ms] [INFO] [广告响应请求] {base_resp: Object, ret: -3, errmsg: no session, cookie_count: 0} @ https://res.wx.qq.com/mmbizappmsg/en_US/htmledition/js/assets/StreamFriendsList.mniyihwq92eaa59f.js:0
[    1271ms] [LOG] [comm_report] reportjson:  {CgiPath: /mp/appmsg_comment, Action: getidentitylist, Query: ?action=getidentitylist&scene=0&register=0&uin=&ke…%3D&appmsg_token=&x5=0&f=json&user_article_role=0, PostData: , Method: GET} @ https://res.wx.qq.com/mmbizappmsg/en_US/htmledition/js/assets/comm_utils.mniyihwq7ec6f5f7.js:0
[    1271ms] [LOG] [reportData]:  {count: 4, reportjson0: {"CgiPath":"/mp/relatedsearchword","Action":"getim…in.qq.com","log_id":36408,"TimeStamp":1775309088}, reportjson1: {"CgiPath":"/mp/appmsg_comment","Action":"getsegme…in.qq.com","log_id":36408,"TimeStamp":1775309088}, reportjson2: {"CgiPath":"/mp/getappmsgad","Action":"","Query":"…in.qq.com","log_id":36408,"TimeStamp":1775309088}, reportjson3: {"CgiPath":"/mp/appmsg_comment","Action":"getident…in.qq.com","log_id":36408,"TimeStamp":1775309088}} @ https://res.wx.qq.com/mmbizappmsg/en_US/htmledition/js/assets/comm_utils.mniyihwq7ec6f5f7.js:0
[    1272ms] [LOG] [comm_report] reportjson:  {CgiPath: /mp/getbizbanner, Action: , Query: ?__biz=MjM5ODQ2MDIyMA==&uin=&key=&pass_ticket=&wxt…%3D&appmsg_token=&x5=0&f=json&user_article_role=0, PostData: , Method: GET} @ https://res.wx.qq.com/mmbizappmsg/en_US/htmledition/js/assets/comm_utils.mniyihwq7ec6f5f7.js:0
[    1272ms] [LOG] [comm_report] reportjson:  {CgiPath: /mp/appmsg_comment, Action: getcomment, Query: ?action=getcomment&scene=0&appmsgid=2650734229&idx…%3D&appmsg_token=&x5=0&f=json&user_article_role=0, PostData: , Method: GET} @ https://res.wx.qq.com/mmbizappmsg/en_US/htmledition/js/assets/comm_utils.mniyihwq7ec6f5f7.js:0
[    1274ms] [LOG] [comm_report] reportjson:  {CgiPath: /mp/getappmsgext, Action: , Query: ?f=json&mock=&uin=&key=&pass_ticket=&wxtoken=777&d…%3D&appmsg_token=&x5=0&f=json&user_article_role=0, PostData: r=0.8459344687125208&__biz=MjM5ODQ2MDIyMA%3D%3D&ap…nt_comment_id=4456302106286768131&business_type=0, Method: POST} @ https://res.wx.qq.com/mmbizappmsg/en_US/htmledition/js/assets/comm_utils.mniyihwq7ec6f5f7.js:0
[    1274ms] [INFO] [(Comment, Like, Reward) Respond to request]: Sat Apr 04 2026 21:24:47 GMT+0800 (China Standard Time) {advertisement_info: Array(0), appmsg_album_videos: Array(0), base_resp: Object, effective_content_last_html_node: Array(0), link_component_list: Array(0)} @ https://res.wx.qq.com/mmbizappmsg/en_US/htmledition/js/assets/appmsgext.mniyihwq25b43755.js:0
[    1276ms] [WARNING] window.ext_complete_success: true @ https://res.wx.qq.com/mmbizappmsg/en_US/htmledition/js/assets/appmsg.mniyihwq59879737.js:2
[    1281ms] [LOG] [comm_report] reportjson:  {CgiPath: /mp/appmsg_comment, Action: getextracomment, Query: ?action=getextracomment&appmsgid=2650734229&idx=1&…%3D&appmsg_token=&x5=0&f=json&user_article_role=0, PostData: , Method: GET} @ https://res.wx.qq.com/mmbizappmsg/en_US/htmledition/js/assets/comm_utils.mniyihwq7ec6f5f7.js:0
[    1281ms] [LOG] [reportData]:  {count: 4, reportjson0: {"CgiPath":"/mp/getbizbanner","Action":"","Query":…in.qq.com","log_id":36408,"TimeStamp":1775309088}, reportjson1: {"CgiPath":"/mp/appmsg_comment","Action":"getcomme…in.qq.com","log_id":36408,"TimeStamp":1775309088}, reportjson2: {"CgiPath":"/mp/getappmsgext","Action":"","Query":…in.qq.com","log_id":36408,"TimeStamp":1775309088}, reportjson3: {"CgiPath":"/mp/appmsg_comment","Action":"getextra…in.qq.com","log_id":36408,"TimeStamp":1775309088}} @ https://res.wx.qq.com/mmbizappmsg/en_US/htmledition/js/assets/comm_utils.mniyihwq7ec6f5f7.js:0
[    1285ms] [INFO] [StateSyncManager] State sync manager initialized successfully  @ https://res.wx.qq.com/mmbizappmsg/en_US/htmledition/js/assets/StreamFriendsList.mniyihwq92eaa59f.js:0
[    1286ms] [LOG] getRelatedArticleList undefined @ https://res.wx.qq.com/mmbizappmsg/en_US/htmledition/js/assets/appmsg.mniyihwq59879737.js:0
[    1317ms] [LOG] [comm_report] reportjson:  {CgiPath: /mp/appmsg_comment, Action: getcomment, Query: ?action=getcomment&scene=0&appmsgid=2650734229&idx…%3D&appmsg_token=&x5=0&f=json&user_article_role=0, PostData: , Method: GET} @ https://res.wx.qq.com/mmbizappmsg/en_US/htmledition/js/assets/comm_utils.mniyihwq7ec6f5f7.js:0
[    1317ms] [LOG] [comm_report] reportjson:  {CgiPath: /mp/getbizbanner, Action: , Query: ?__biz=MjM5ODQ2MDIyMA==&uin=&key=&pass_ticket=&wxt…%3D&appmsg_token=&x5=0&f=json&user_article_role=0, PostData: , Method: GET} @ https://res.wx.qq.com/mmbizappmsg/en_US/htmledition/js/assets/comm_utils.mniyihwq7ec6f5f7.js:0
[    1375ms] [LOG] OpenSDK Frame loaded, build time: 2025-11-17 11:05 @ https://open.weixin.qq.com/pcopensdk/frame:1
[    1383ms] [WARNING] <meta name="apple-mobile-web-app-capable" content="yes"> is deprecated. Please include <meta name="mobile-web-app-capable" content="yes"> @ https://mp.weixin.qq.com/s/b5Mb6YiEKEX-Bocsx9gmhw:0
[    1416ms] [LOG] js content size change @ https://res.wx.qq.com/mmbizappmsg/en_US/htmledition/js/assets/page_pos.mniyihwq8b2f1a68.js:0
[    1771ms] [LOG] [comm_report] reportjson:  {bizuin: MjM5ODQ2MDIyMA==, appmsgid: 2650734229, itemidx: 1, scene: 0, subscene: 0} @ https://res.wx.qq.com/mmbizappmsg/en_US/htmledition/js/assets/comm_utils.mniyihwq7ec6f5f7.js:0
[    1917ms] [LOG] bottombar-safe-bottom 0 @ https://mp.weixin.qq.com/s/b5Mb6YiEKEX-Bocsx9gmhw:8316
[    2254ms] [LOG] [reportData]:  {count: 3, reportjson0: {"CgiPath":"/mp/appmsg_comment","Action":"getcomme…in.qq.com","log_id":36408,"TimeStamp":1775309088}, reportjson1: {"CgiPath":"/mp/getbizbanner","Action":"","Query":…in.qq.com","log_id":36408,"TimeStamp":1775309088}, reportjson2: {"bizuin":"MjM5ODQ2MDIyMA==","appmsgid":2650734229…mgIndex=0","log_id":34384,"TimeStamp":1775309088}} @ https://res.wx.qq.com/mmbizappmsg/en_US/htmledition/js/assets/comm_utils.mniyihwq7ec6f5f7.js:0
[    6430ms] [LOG] [comm_report] reportjson:  {CgiPath: /mp/appmsgreport, Action: page_time_5s, Query: ?action=page_time_5s&__biz=MjM5ODQ2MDIyMA==&uin=&k…%3D&appmsg_token=&x5=0&f=json&user_article_role=0, PostData: report_bizuin=MjM5ODQ2MDIyMA%3D%3D&title=ATH%20%E6…type=&expsessionid=&effective_content_height=3349, Method: POST} @ https://res.wx.qq.com/mmbizappmsg/en_US/htmledition/js/assets/comm_utils.mniyihwq7ec6f5f7.js:0
[    7431ms] [LOG] [reportData]:  {count: 1, reportjson0: {"CgiPath":"/mp/appmsgreport","Action":"page_time_…in.qq.com","log_id":36408,"TimeStamp":1775309093}} @ https://res.wx.qq.com/mmbizappmsg/en_US/htmledition/js/assets/comm_utils.mniyihwq7ec6f5f7.js:0
